<html>
<head>
<title>TestNG:  Default test</title>
<link href="../testng.css" rel="stylesheet" type="text/css" />
<link href="../my-testng.css" rel="stylesheet" type="text/css" />

<style type="text/css">
.log { display: none;} 
.stack-trace { display: none;} 
</style>
<script type="text/javascript">
<!--
function flip(e) {
  current = e.style.display;
  if (current == 'block') {
    e.style.display = 'none';
    return 0;
  }
  else {
    e.style.display = 'block';
    return 1;
  }
}

function toggleBox(szDivId, elem, msg1, msg2)
{
  var res = -1;  if (document.getElementById) {
    res = flip(document.getElementById(szDivId));
  }
  else if (document.all) {
    // this is the way old msie versions work
    res = flip(document.all[szDivId]);
  }
  if(elem) {
    if(res == 0) elem.innerHTML = msg1; else elem.innerHTML = msg2;
  }

}

function toggleAllBoxes() {
  if (document.getElementsByTagName) {
    d = document.getElementsByTagName('div');
    for (i = 0; i < d.length; i++) {
      if (d[i].className == 'log') {
        flip(d[i]);
      }
    }
  }
}

// -->
</script>

</head>
<body>
<h2 align='center'>Default test</h2><table border='1' align="center">
<tr>
<td>Tests passed/Failed/Skipped:</td><td>0/2/0</td>
</tr><tr>
<td>Started on:</td><td>Thu Jun 06 14:31:44 IST 2024</td>
</tr>
<tr><td>Total time:</td><td>18 seconds (18663 ms)</td>
</tr><tr>
<td>Included groups:</td><td></td>
</tr><tr>
<td>Excluded groups:</td><td></td>
</tr>
</table><p/>
<small><i>(Hover the method name to see the test class name)</i></small><p/>
<table width='100%' border='1' class='invocation-failed'>
<tr><td colspan='4' align='center'><b>FAILED TESTS</b></td></tr>
<tr><td><b>Test method</b></td>
<td width="30%"><b>Exception</b></td>
<td width="10%"><b>Time (seconds)</b></td>
<td><b>Instance</b></td>
</tr>
<tr>
<td title='cucumber.TestNGRunner.runScenario()'><b>runScenario</b><br>Test class: cucumber.TestNGRunner<br>Test method: Runs Cucumber Scenarios<br>Parameters: "Negative Testing with incorrect credantials", "Purchase the order from E-Commerce website"</td>
<td><div><pre>java.lang.AssertionError: expected:&lt;Incorrect email or password.&gt; but was:&lt;Incorrect emaill or password.&gt;
	at org.testng.Assert.fail(Assert.java:89)
	at org.testng.Assert.failNotEquals(Assert.java:480)
	at org.testng.Assert.assertEquals(Assert.java:118)
	at org.testng.Assert.assertEquals(Assert.java:171)
	at org.testng.Assert.assertEquals(Assert.java:181)
	at Brindha.Maven_Project.StepDefinition.stepdefinition.error_message_displayed_on_confirmation_page(stepdefinition.java:67)
	at ✽.&quot;Incorrect emaill or password.&quot; message on login page(file:///C:/Users/Brindha/eclipse-workspace/newworkspace/Maven_Project/src/test/java/cucumber/ErrorValidation.feature:9)
</pre></div><a href='#' onClick='toggleBox("stack-trace18928637", this, "Click to show all stack frames", "Click to hide stack frames")'>Click to show all stack frames</a>
<div class='stack-trace' id='stack-trace18928637'><pre>java.lang.AssertionError: expected:&lt;Incorrect email or password.&gt; but was:&lt;Incorrect emaill or password.&gt;
	at org.testng.Assert.fail(Assert.java:89)
	at org.testng.Assert.failNotEquals(Assert.java:480)
	at org.testng.Assert.assertEquals(Assert.java:118)
	at org.testng.Assert.assertEquals(Assert.java:171)
	at org.testng.Assert.assertEquals(Assert.java:181)
	at Brindha.Maven_Project.StepDefinition.stepdefinition.error_message_displayed_on_confirmation_page(stepdefinition.java:67)
	at ✽."Incorrect emaill or password." message on login page(file:///C:/Users/Brindha/eclipse-workspace/newworkspace/Maven_Project/src/test/java/cucumber/ErrorValidation.feature:9)
</pre></div></td>
<td>6</td>
<td>cucumber.TestNGRunner@6f44a157</td></tr>
<tr>
<td title='cucumber.TestNGRunner.runScenario()'><b>runScenario</b><br>Test class: cucumber.TestNGRunner<br>Test method: Runs Cucumber Scenarios<br>Parameters: "Positive test of submitting the order", "Purchase the order from E-Commerce website"</td>
<td><div><pre>junit.framework.AssertionFailedError
	at junit.framework.Assert.fail(Assert.java:47)
	at junit.framework.Assert.assertTrue(Assert.java:20)
	at junit.framework.Assert.assertTrue(Assert.java:27)
	at Brindha.Maven_Project.StepDefinition.stepdefinition.message_displayed_on_confirmation_page(stepdefinition.java:61)
	at ✽.&quot;THANKYOU FOR THE ORDER&quot; the message is displayed on confirmation page(file:///C:/Users/Brindha/eclipse-workspace/newworkspace/Maven_Project/src/test/java/cucumber/purchaseorder.feature:13)
</pre></div><a href='#' onClick='toggleBox("stack-trace1519611492", this, "Click to show all stack frames", "Click to hide stack frames")'>Click to show all stack frames</a>
<div class='stack-trace' id='stack-trace1519611492'><pre>junit.framework.AssertionFailedError
	at junit.framework.Assert.fail(Assert.java:47)
	at junit.framework.Assert.assertTrue(Assert.java:20)
	at junit.framework.Assert.assertTrue(Assert.java:27)
	at Brindha.Maven_Project.StepDefinition.stepdefinition.message_displayed_on_confirmation_page(stepdefinition.java:61)
	at ✽."THANKYOU FOR THE ORDER" the message is displayed on confirmation page(file:///C:/Users/Brindha/eclipse-workspace/newworkspace/Maven_Project/src/test/java/cucumber/purchaseorder.feature:13)
</pre></div></td>
<td>11</td>
<td>cucumber.TestNGRunner@6f44a157</td></tr>
</table><p>
</body>
</html>