<?xml version="1.0" encoding="UTF-8"?>
<!-- Generated by org.testng.reporters.JUnitReportReporter -->
<testsuite hostname="NadinGautham" failures="1" tests="2" name="cucumber.TestNGRunner" time="17.789" errors="1" timestamp="6 Jun 2024 09:02:03 GMT">
  <testcase classname="cucumber.TestNGRunner" name="runScenario" time="11.490">
    <failure type="junit.framework.AssertionFailedError">
      <![CDATA[junit.framework.AssertionFailedError
	at junit.framework.Assert.fail(Assert.java:47)
	at junit.framework.Assert.assertTrue(Assert.java:20)
	at junit.framework.Assert.assertTrue(Assert.java:27)
	at Brindha.Maven_Project.StepDefinition.stepdefinition.message_displayed_on_confirmation_page(stepdefinition.java:61)
	at ✽."THANKYOU FOR THE ORDER" the message is displayed on confirmation page(file:///C:/Users/Brindha/eclipse-workspace/newworkspace/Maven_Project/src/test/java/cucumber/purchaseorder.feature:13)
]]>
    </failure>
  </testcase>
  <testcase classname="cucumber.TestNGRunner" name="runScenario" time="6.299">
    <error message="expected:&lt;Incorrect email or password.&gt; but was:&lt;Incorrect emaill or password.&gt;" type="java.lang.AssertionError">
      <![CDATA[java.lang.AssertionError: expected:<Incorrect email or password.> but was:<Incorrect emaill or password.>
	at org.testng.Assert.fail(Assert.java:89)
	at org.testng.Assert.failNotEquals(Assert.java:480)
	at org.testng.Assert.assertEquals(Assert.java:118)
	at org.testng.Assert.assertEquals(Assert.java:171)
	at org.testng.Assert.assertEquals(Assert.java:181)
	at Brindha.Maven_Project.StepDefinition.stepdefinition.error_message_displayed_on_confirmation_page(stepdefinition.java:67)
	at ✽."Incorrect emaill or password." message on login page(file:///C:/Users/Brindha/eclipse-workspace/newworkspace/Maven_Project/src/test/java/cucumber/ErrorValidation.feature:9)
]]>
    </error>
  </testcase>
</testsuite>
